[   0.000]nitiliing cgroup sbs cset[  000000]nializin cro sbss u[    00000Initlingcgroup ssycpuacct
[    0.000000] Linux version 4.4.0-142-generic (buildd@lgw01-amd64-033) (gcc version 5.4.0 20160609 (Ubuntu 5.4.0-6ubuntu1~16.04.10) ) #168-Ubuntu SMP Wed Jan 16 21:00:45 UTC 2019 (Ubuntu 4.4.0-142.168-generic 4.4.167)
[    0.000000] Command line: BOOT_IMAGE=/boot/vmlinuz-4.4.0-142-generic root=LABEL=cloudimg-rootfs ro console=tty1 console=ttyS0
[    0.000000] KERNEL supported cpus:
[    0.000000]   Intel GenuineIntel
[    0.000000]   AMD AuthenticAMD
[     0.000000]   Centaur CentaurHauls
[    0.000000] x86/fpu: xstate_offset[2]:  576, xstate_sizes[2]:  256
[    0.000000] x86/fpu: Supporting XSAVE feature 0x01: 'x87 floating point registers'
[    0.000000] x86/fpu: Supporting XSAVE feature 0x02: 'SSE registers'
[    0.000000] x86/fpu: Supporting XSAVE feature 0x04: 'AVX registers'
[    0.000000] x86/fpu: Enabled xstate features 0x7, context size is 832 bytes, using 'standard' format.
[    0.000000] e820: BIOS-provided physical RAM map:
[    0.000000] BIOS-e820: [mem 0x0000000000000000-0x000000000009fbff] usable
[    0.000000] BIOS-e820: [mem 0x000000000009fc00-0x000000000009ffff] reserved
[    0.000000] BIOS-e820: [mem 0x00000000000f0000-0x00000000000fffff] reserved
[    0.000000] BIOS-e820: [mem 0x0000000000100000-0x000000003ffeffff] usable
[    0.000000] BIOS-e820: [mem 0x000000003fff0000-0x000000003fffffff] ACPI data
[    0.000000] BIOS-e820: [mem 0x00000000fec00000-0x00000000fec00fff] reserved
[    0.000000] BIOS-e820: [mem 0x00000000fee00000-0x00000000fee00fff] reserved
[    0.000000] BIOS-e820: [mem 0x00000000fffc0000-0x00000000ffffffff] reserved
[    0.000000] NX (Execute Disable) protection: active
[    0.000000] SMBIOS 2.5 present.
[    0.000000] Hypervisor detected: KVM
[    0.000000] e820: last_pfn = 0x3fff0 max_arch_pfn = 0x400000000
[    0.000000] MTRR: Disabled
[    0.000000] x86/PAT: MTRRs disabled, skipping PAT initialization too.
[    0.000000] CPU MTRRs all blank - virtualized system.
[    0.000000] x86/PAT: Configuration [0-7]: WB  WT  UC- UC  WB  WT  UC- UC  
[    0.000000] found SMP MP-table at [mem 0x0009fff0-0x0009ffff] mapped at [ffff88000009fff0]
[  0.0000] aning ars orowemry crrti
[   .000] RADI: em 0x30a0-0x17ff
[  0000000] ACI:ar table hesu verfiti disle
[   0.000] PI: RSP 00000000E00 00004 (v2 OX  
[  0.00000] AC: XSDT 0x000000003FFF0030 00003C (v01 VBOX   VBOXXSDT 00000001 ASL  00000061)
[    0.000000] ACPI: FACP 0x000000003FFF00F0 0000F4 (v04 VBOX   VBOXFACP 00000001 ASL  00000061)
[    0.000000] ACPI: DSDT 0x000000003FFF0470 0021FF (v02 VBOX   VBOXBIOS 00000002 INTL 20100528)
[    0.000000] ACPI: FACS 0x000000003FFF0200 000040
[    0.000000] ACPI: FACS 0x000000003FFF0200 000040
[    0.000000] ACPI: APIC 0x000000003FFF0240 00005C (v02 VBOX   VBOXAPIC 00000001 ASL  00000061)
[    0.000000] ACPI: SSDT 0x000000003FFF02A0 0001CC (v01 VBOX   VBOXCPUT 00000002 INTL 20100528)
[    0.000000] No NUMA configuration found
[    0.000000] Faking a node at [mem 0x0000000000000000-0x000000003ffeffff]
[    0.000000] NODE_DATA(0) allocated [mem 0x3ffeb000-0x3ffeffff]
[    0.000000] kvm-clock: Using msrs 4b564d01 and 4b564d00
[    0.000000] kvm-clock: cpu 0, msr 0:3ffe3001, primary cpu clock
[    0.000000] kvm-clock: using sched offset of 3833108452 cycles
[    0.000000] clocksource: kvm-clock: mask: 0xffffffffffffffff max_cycles: 0x1cd42e4dffb, max_idle_ns: 881590591483 ns
[    0.000000] Zone ranges:
[    0.000000]   DMA      [mem 0x0000000000001000-0x0000000000ffffff]
[    0.000000]   DMA32    [mem 0x0000000001000000-0x000000003ffeffff]
[    0.000000]   Normal   empty
[    0.000000]   Device   empty
[    0.000000] Movable zone start for each node
[    0.000000] Early memory node ranges
[    0.000000]   node   0: [mem 0x0000000000001000-0x000000000009efff]
[    0.000000]   node   0: [mem 0x0000000000100000-0x000000003ffeffff]
[    0.000000] Initmem setup node 0 [mem 0x0000000000001000-0x000000003ffeffff]
[    0.000000] ACPI: PM-Timer IO Port: 0x4008
[    0.000000] IOAPIC[0]:: apic_id 2, version 32, address 0xfec00000, GSI 0-23
[    0.000000] ACPI: INT_SRC_OVR (bus 0 bus_irq 0 global_irq 2 dfl dfl)
[    0.000000] ACPI: INT_SRC_OVR (bus 0 bus_irq 9 global_irq 9 low level)
[    0.000000] Using ACPI (MADT) for SMP configuration information
[    0.000000] smpboot: Allowing 2 CPUs, 0 hotplug CPUs
[    0.000000] PM: Registered nosave memory: [mem 0x00000000-0x00000fff]
[    0.000000] PM: Registered nosave memory: [mem 0x0009f000-0x0009ffff]
[    0.000000] PM: Registered nosave memory: [mem 0x000a0000-0x0eff]
  0.0000 P Risted sae meor [m 0x0f000x000fff
[    0.0000e820:me0x000000-0ebffff] vaab for PI vies
  0.00000] Botg aravrtlid kene oKV
[   0.00] clckur: refiediffies: mask:0xffffff max_cycles: 0xffffffff, max_idle_ns: 7645519600211568 ns
[    0.000000] setup_percpu: NR_CPUS:512 nr_cpumask_bits:512 nr_cpu_ids:2 nr_node_ids:1
[    0.000000] PERCPU: Embedded 34 pages/cpu @ffff88003fc00000 s99480 r8192 d31592 u1048576
[    0.000000] Built 1 zonelists in Node order, mobility grouping on.  Total pages: 257912
[    0.000000] Policy zone: DMA32
[    0.000000] Kernel command line: BOOT_IMAGE=/boot/vmlinuz-4.4.0-142-generic root=LABEL=cloudimg-rootfs ro console=tty1 console=ttyS0
[    0.000000] PID hash table entries: 4096 (order: 3, 32768 bytes)
[    0.000000] Memory: 997736K/1048120K available (8603K kernel code, 1332K rwdata, 4004K rodata, 1484K init, 1316K bss, 50384K reserved, 0K cma-reserved)
[    0.000000] SLUB: HWalign=64, Order=0-3, MinObjects=0, CPUs=2, Nodes=1
[    0.000000] Kernel/User page tables isolation: enabled
[    0.000000] Hierarchical RCU implementation.
[    0.000000] 	Build-time adjustment of leaf fanout to 64.
[    0.000000] 	RCU restricting CPUs from NR_CPUS=512 to nr_cpu_ids=2.
[    0.000000] RCU: Adjusting geometry for rcu_fanout_leaf=64, nr_cpu_ids=2
[    0.000000] NR_IRQS:33024 nr_irqs:440 16
[    0.000000] Console: colour VGA+ 80x25
[    0.000000] console [tty1] enabled
[    0.000000] console [ttyS0] enabled
[    0.000000] tsc: Detected 2208.000 MHz processor
[    2.801616] Calibrating delay loop (skipped) preset value.. 4416.00 BogoMIPS (lpj=8832000)
[    2.803724] pid_max: default: 32768 minimum: 301
[    2.804911] ACPI: Core revision 20150930
[    2.806576] ACPI: 2 ACPI AML tables successfully acquired and loaded
[    2.808245] Security Framework initialized
[    2.809345] Yama: becoming mindful.
[    2.810282] AppArmor: AppArmor initialized
[    2.811384] Dentry cache hash table entries: 131072 (order: 8, 1048576 bytes)
[    2.814541] Inode-cache hash table entries: 65536 (order: 7, 524288 bytes)
[    2.816370] Mount-cache hash table entries: 2048 (order: 2, 16384 bytes)
[    2.817951] Mountpoint-cache hash ttable entries: 2048 (order: 2, 16384 bytes)
[    2.889649] Initializing cgroup subsys io
[    2.992195] Initializing cgroup subsys memory
[    3.092924] Initializing cgroup subsys devices
[    3.203022] Initializing cgroup subsys freezer
[    3.306938] Initializing cgroup subsys net_cls
[    3.389054] Initializing cgroup subsys perf_event
[    3.492216] Initializing cgroup subsys net_prio
[    3.580860] Initializing cgroup subsys hugetlb
[    3.692155] Initializing cgroup subsys pids
[    3.798252] mce: CPU supports 0 MCE banks
[    3.857170] Last level iTLB entries: 4KB 64, 2MB 8, 4MB 8
[    3.863847] Last level dTLB entries: 4KB 64, 2MB 0, 4MB 0, 1GB 4
[    3.865330] Spectre V2 : Mitigation: Full generic retpoline
[    3.866683] Spectre V2 : Spectre v2 / SpectreRSB mitigation: Filling RSB on context switch
[    3.868779] Speculative Store Bypass: Vulnerable
[    3.871906] Freeing SMP alternatives memory: 32K
[    3.877040] ftrace: allocating 32277 entries in 127 pages
[    3.920636] smpboot: APIC(0) Converting physical 0 to logical package 0
[    4.052549] smpboot: Max logical packages: 1
[    4.148934] x2apic enabled
[    4.216739] Switched APIC routing to physical x2apic.
[    4.318407] ..TIMER: vector=0x30 apic1=0 pin1=2 apic2=-1 pin2=-1
[    4.544381] smpboot: CPU0: Intel(R) Core(TM) i7-8750H CPU @ 2.20GHz (family: 0x6, model: 0x9e, stepping: 0xa)
[    4.793038] Performance Events: unsupported p6 CPU model 158 no PMU driver, software events only.
[    4.962033] KVM setup paravirtual spinlock
[    4.963638] x86: Booting SMP configuration:
[    4.964731] .... node  #0, CPUs:      #1
[    4.965931] kvm-clock: cpu 1, msr 0:3ffe3041, secondary cpu clock
[    4.968348] mce: CPU supports 0 MCE banks
[    4.971207] x86: Booted up 1 node, 2 CPUs
[    4.972424] smpboot: Total of 2 processors activated (8832.00 BogoMIPS)
[    4.974352] devtmpfs: initialized
[    4.976956] evm: security.selinux
[    4.977910] evm: security.SMACK64
[    4.978803] evm: security.SMACK64EXEC
[    4.979815] evm: security.SMACK64TRANSMUTE
[    4.980938] evm: security.SMACK64MMAP
[    4.981919] evm: security.ima
[    4.982743] evm: security.capability
[    4.983870] clocksource: jiffies: mask: 0xffffffff max_cycles: 0xffffffff, max_idle_ns: 7645041785100000 ns
[    4.986337] futex hash table entries: 512 (order: 3, 32768 bytes)
[    4.987972] pinctrl core: initialized pinctrl subsystem
[    4.989394] RTC time: 15:02:53, date: 03/14/19
[    4.990685] NET: Registered protocol family 16
[    5.000415] cpuidle: using governor ladder
[    5.093169] cpuidle: using governor menu
[    5.179890] PCCT header not found.
[    5.252323] ACPI: bus type PCI registered
[    5.328444] acpiphp: ACPI Hot Plug PCI Controller Driver version: 0.5
[    5.486944] PCI: Using configuration type 1 for base access
[    5.618592] ACPI: Added _OSI(Module Device)
[    5.679857] ACPI: Added _OSI(Processor Device)
[    5.765349] ACPI: Added _OSI(3.0 _SCP Extensions)
[    5.863049] ACPI: Added _OSI(Processor Aggregator Device)
[    5.936903] ACPI: Executed 1 blocks of module-level executable AML code
[    6.041407] ACPI: Interpreter enabled
[    6.045291] ACPI: (supports S0 S5)
[    6.046211] ACPI: Using IOAPIC for interrupt routing
[    6.047611] PCI: Using host bridge windows from ACPI; if necessary, use "pci=nocrs" and report a bug
[    6.053702] ACPI: PCI Root Bridge [PCI0] (domain 0000 [bus 00-ff])
[    6.055214] acpi PNP0A03:00: _OSC: OS supports [ASPM ClockPM Segments MSI]
[    6.056916] acpi PNP0A03:00: _OSC: not requesting OS control; OS requires [ExtendedConfig ASPM ClockPM MSI]
[    6.059900] acpi PNP0A03:00: fail to add MMCONFIG information, can't access extended PCI configuration space under this bridge.
[    6.063094] PCI host bridge to bus 0000:00
[    6.064194] pci_bus 0000:00: root bus resource [io  0x0000-0x0cf7 window]
[    6.065846] pci_bus 0000:00: root bus resource [io  0x0d00-0xffff window]
[    6.067499] pci_bus 0000:00: root bus resource [mem 0x000a0000-0x000bffff window]
[    6.073048] pci_bus 0000:00: root bus resource [mem 0x40000000-0xfdffffff window]
[    6.074974] pci_bus 0000:00: root bus resource [bus 00-ff]
[    6.079255] pci 0000:00:01.1: legacy IDE quirk: reg 0x10: [io  0x01f0-0x01f7]
[    6.081019] pci 0000:00:01.1: legacy IDE quirk: reg 0x14: [io  0x03f6]
[    6.082598] pci 0000:00:01.1: legacy IDE quirk: reg 0x18: [io  0x0170-0x0177]
[    6.084461] pci 0000:00:01.1: legacy IDE quirk: reg 0x1c: [io  0x0376]
[    6.098362] pci 0000:00:07.0: quirk: [io  0x4000-0x403f] claimed by PIIX4 ACPI
[    6.244033] pci 0000:00:07.0: quirk: [io  0x4100-0x410f] claimed by PIIX4 SMB
[    6.432087] ACPI: PCI Interrupt Link [LNKA] (IRQs 5 9 10 *11)
[    6.556223] ACPI: PCI Interrupt Link [LNKB] (IRQs 5 9 *10 11)
[    6.665295] ACPI: PCI Interrupt Link [LNKC] (IRQs 5 *9 10 11)
[    6.779194] ACPI: PCI Interrupt Link [LNKD] (IRQs 5 9 10 *11)
[    6.896164] ACPI: Enabled 2 GPEs in block 00 to 07
[    6.976650] vgaarb: setting as boot device: PCI:0000:00:02.0
[    7.081860] vgaarb: device added: PCI:0000:00:02.0,decodes=io+mem,owns=io+mem,locks=none
[    7.136722] vgaarb: loaded
[    7.137532] vgaarb: bridge control possible 0000:00:02.0
[    7.139129] SCSI subsystem initialized
[    7.140321] ACPI: bus type USB registered
[    7.141456] usbcore: registered new interface driver usbfs
[    7.142903] usbcore: registered new interface driver hub
[    7.144292] usbcore: registered new device driver usb
[    7.147363] PCI: Using ACPI for IRQ routing
[    7.149047] NetLabel: Initializing
[    7.149979] NetLabel:  domain hash size = 128
[    7.151082] NetLabel:  protocols = UNLABELED CIPSOv4
[    7.152373] NetLabel:  unlabeled traffic allowed by default
[    7.153923] amd_nb: Cannot enumerate AMD northbridges
[    7.155310] clocksource: Switched to clocksource kvm-clock
[    7.163331] AppArmr:ppmoFisyemnabld  7.00] p:nPAC it  7.39] p:nPCP found dices

[    8.263266] clocksource: acpi_pm: mask: 0xffffff max_cycles: 0xffffff, max_idle_ns: 2085701024 ns
[    8.265549] NET: Registered protocol family 2
[    8.266750] TCP established hash table entries: 8192 (order: 4, 65536 bytes)
[    8.268435] TCP bind hash table entries: 8192 (order: 5, 131072 bytes)
[    8.269975] TCP: Hash tables configured (established 8192 bind 8192)
[    8.271477] UDP hash table entries: 512 (order: 2, 16384 bytes)
[    8.272898] UDP-Lite hash table entries: 512 (order: 2, 16384 bytes)
[    8.423265] NET: Registered protocol family 1
[    8.543254] pci 0000:00:00.0: Limiting direct PCI/CCI transfers
[    8.753706] pci 0000:00:01.0: Activating ISA DMA hang workarounds
[    8.93518]] Unpacking initramfs...
[    9.217056] Freeing initrd memory: 14796K
[    9.326422] platform rtc_cmos: registered platform RTC device (no PNP device found)
[    9.329796] Scanning for low memory corruption every 60 seconds
[    9.331615] audit: initializing netlink subsys (disabled)
[    9.332966] audit: type=2000 audit(1552575777.176:1): initialized
[    9.334616] Initialise system trusted keyring
[    9.335992] HugeTLB registered 2 MB page size, pre-allocated 0 pages
[    9.338467] zbud: loaded
[    9.339533] VFS: Disk quotas dquot_6.6.0
[    9.340577] VFS: Dquot-cache hash table entries: 512 (order 0, 4096 bytes)
[    9.342370] squashfs: version 4.0 (2009/01/31) Phillip Lougher
[    9.344078] fuse init (API version 7.23)
[    9.347009] Key type big_key registered
[    9.348094] Allocating IMA MOK and blacklist keyrings.
[    9.350673] Key type asymmetric registered
[    9.351779] Asymmetric key parser 'x509' registered
[    9.353048] Block layer SCSI generic (bsg) driver version 0.4 loaded (major 249)
[    9.355080] io scheduler noop registered
[    9.356170] io scheduler deadline registered (default)
[    9.357485] io scheduler cfq registered
[    9.358567] pci_hotplug: PCI Hot Plug PCI Core version: 0.5
[    9.359975] pciehp: PCI Express Hot Plug Controller Driver version: 0.4
[    9.361813] ACPI: AC Adapter [AC] (on-line)
[    9.362997] input: Power Button as /devices/LNXSYSTM:00/LNXPWRBN:00/input/input0
[    9.365056] ACPI: Power Button [PWRF]
[    9.366167] input: Sleep Button as /devices/LNXSYSTM:00/LNXSLPBN:00/input/input1
[    9.368262] ACPI: Sleep Button [SLPF]
[    9.369561] GHES: HEST is not enabled!
[    9.370523] ACPI: Battery Slot [BAT0] (battery present)
[    9.372137] Serial: 8250/16550 driver, 32 ports, IRQ sharing enabled
[    9.397661] 00:02: ttyS0 at I/O 0x3f8 (irq = 4, base_baud = 115200) is a 16550A
[    9.544103] Linux agpgart interface v0.103
[    9.685337] loop: module loaded
[    9.777536] scsi host0: ata_piix
[    9.893261] scsi host1: ata_piix
[   10.033670] ata1: PATA max UDMA/33 cmd 0x1f0 ctl 0x3f6 bmdma 0xd000 irq 14
[   10.322874] ata2: PATA max UDMA/33 cmd 0x170 ctl 0x376 bmdma 0xd008 irq 15
[   10.433021] tsc: Refined TSC clocksource calibration: 2207.836 MHz
[   10.434557] clocksource: tsc: mask: 0xffffffffffffffff max_cycles: 0x1fd31d4e7a8, max_idle_ns: 440795262018 ns
[   10.437108] libphy: Fixed MDIO Bus: probed
[   10.438202] tun: Universal TUN/TAP device driver, 1.6
[   10.439476] tun: (C) 1999-2004 Max Krasnyansky <maxk@qualcomm.com>
[   10.441116] PPP generic driver version 2.4.2
[   10.442423] ehci_hcd: USB 2.0 'Enhanced' Host Controller (EHCI) Driver
[   10.444109] ehci-pci: EHCI PCI platform driver
[   10.445291] ehci-platform: EHCI generic platform driver
[   10.447865] ohci_hcd: USB 1.1 'Open' Host Controller (OHCI) Driver
[   10.449405] ohci-pci: OHCI PCI platform driver
[   10.450539] ohci-platform: OHCI generic platform driver
[   10.451869] uhci_hcd: USB Universal Host Controller Interface driver
[   10.453454] i8042: PNP: PS/2 Controller [PNP0303:PS2K,PNP0f03:PS2M] at 0x60,0x64 irq 1,12
[   10.455895] serio: i8042 KBD port at 0x60,0x64 irq 1
[   10.457172] serio: i8042 AUX port at 0x60,0x64 irq 12
[   10.458573] mousedev: PS/2 mouse device common for all mice
[   10.460488] rtc_cmos rtc_cmos: rtc core: registered rtc_cmos as rtc0
[   10.462104] input: AT Translated Set 2 keyboard as /devices/platform/i8042/serio0/input/input2
[   10.464397] rtc_cmos rtc_cmos: alarms up to one day, 114 bytes nvram
[   10.57635 i /v trs iv
[ 109416deceapr: ueven: rsn .0
[   11.327101] device-mapper: ioctl: 4.34.0-ioctl (2015-10-28) initialised: dm-devel@redhat.com
[   11.453893] ledtrig-cpu: registered to indicate activity on CPUs
[   11.507164] NET: Registered protocol family 10
[   11.508481] NET: Registered protocol family 17
[   11.509664] Key type dns_resolver registered
[   11.510936] registered taskstats version 1
[   11.512086] Loading compiled-in X.509 certificates
[   11.513743] Loaded X.509 cert 'Build time autogenerated kernel key: bff73e56bc0efa7435b2a24f5427674623f1be80'
[   11.516261] zswap: loaded using pool lzo/zbud
[   11.518944] Key type trusted registered
[   11.522749] Key type encrypted registered
[   11.523834] AppArmor: AppArmor sha1 policy hashing enabled
[   11.525254] ima: No TPM chip found, activating TPM-bypass!
[   11.526610] ima: Allocated hash algorithm: sha1
[   11.527833] evm: HMAC attrs: 0x1
[   11.529200]   Magic number: 11:584:32
[   11.533086] rtc_cmos rtc_cmos: setting system clock to 2019-03-14 15:03:00 UTC (1552575780)
[   11.535411] BIOS EDD facility v0.16 2004-Jun-25, 0 devices found
[   11.536919] EDD information not available.
[   11.539158] Freeing unused kernel memory: 1484K
[   11.551478] Write protecting the kernel read-only data: 14336k
[   11.553250] Freeing unused kernel memory: 1624K
[   11.554536] Freeing unused kernel memory: 92K
Loading, please [   11.566039] random: systemd-udevd: uninitialized urandom read (16 bytes read, 5 bits of entropy available)
wait...
starting version 229
[   11.566449] random: udevadm: uninitialized urandom read (16 bytes read, 5 bits of entropy available)
[   11.566463] random: udevadm: uninitialized urandom read (16 bytes read, 5 bits of entropy available)
[   11.571666] random: udevadm: uninitialized urandom read (16 bytes read, 5 bits of entropy available)
[   11.571695] random: udevadm: uninitialized urandom read (16 bytes read, 5 bits of entropy available)
[   11.571785] random: udevadm: uninitialized urandom read (16 bytes read, 5 bits of entropy available)
[   11.571817] random: udevadm: uninitialized urandom read (16 bytes read, 5 bits of entropy available)
[   11.571849] random: udevadm: uninitialized urandom read (16 bytes read, 5 bits of entropy available)
[   11.571882] random: udevadm: uninitialized urandom read (16 bytes read, 5 bits of entropy available)
[   11.571914] random: udevadm: uninitialized urandom read (16 bytes read, 5 bits of entropy available)
[   11.785386] e1000: Intel(R) PRO/1000 Network Driver - version 7.3.21-k8-NAPI
[   11.826749] e1000: Copyright (c) 1999-2006 Intel Corporation.
[   11.830922] Fusion MPT base driver 3.04.20
[   11.832043] Copyright (c) 1999-2008 LSI Corporation
[   11.845694] Fusion MPT SPI Host driver 3.04.20
[   11.850150] AVX2 version of gcm_enc/dec engaged.
[   11.851350] AES CTR mode by8 optimization enabled
[   12.055193] input: ImExPS/2 Generic Explorer Mouse as /devices/platform/i8042/serio1/input/input4
[   12.222792] e1000 0000:00:03.0 eth0: (PCI:33MHz:32-bit) 02:dd:09:7c:76:16
[   12.395019] e1000 0000:00:03.0 eth0: Intel(R) PRO/1000 Network Connection
[   12.936568] e1000 0000:00:08.0 eth1: (PCI:33MHz:32-bit) 08:00:27:55:95:4b
[   13.897344] e1000 0000:00:08.0 eth1: Intel(R) PRO/1000 Network Connection
[   14.058551] mptbase: ioc0: Initiating bringup
[   14.058915] e1000 0000:00:03.0 enp0s3: renamed from eth0
[   14.360505] e1000 0000:00:08.0 enp0s8: renamed from eth1
[   14.520393] ioc0: LSI53C1030 A0: Capabilities={Initiator}
[   14.862140] scsi host2: ioc0: LSI53C1030 A0, FwRev=00000000h, Ports=1, MaxQ=256, IRQ=20
[   14.984383] scsi 2:0:0:0: Direct-Access     VBOX     HARDDISK         1.0  PQ: 0 ANSI: 5
[   15.872905] scsi target2:0:0: Beginning Domain Validation
[   15.875475] scsi target2:0:0: Domain Validation skipping write tests
[   15.877079] scsi target2:0:0: Ending Domain Validation
[   15.878438] scsi target2:0:0: asynchronous
[   15.881100] scsi 2:0:1:0: Direct-Access     VBOX     HARDDISK         1.0  PQ: 0 ANSI: 5
[   15.883155] scsi target2:0:1: Beginning Domain Validation
[   15.885477] scsi target2:0:1: Domain Validation skipping write tests
[   15.887012] scsi target2:0:1: Ending Domain Validation
[   15.895488] scsi target2:0:1: asynchronous
[   15.902693] sd 2:0:0:0: [sda] 20971520 512-byte logical blocks: (10.7 GB/10.0 GiB)
[   15.904860] sd 2:0:0:0: Attached scsi generic sg0 type 0
[   15.906307] sd 2:0:0:0: [sda] Write Protect is off
[   15.907759] sd 2:0:0:0: [sda] Incomplete mode parameter data
[   15.909296] sd 2:0:0:0: [sda] Assuming drive cache: write through
[   15.911407] sd 2:0:1:0: [sdb] 20480 512-byte logical blocks: (10.5 MB/10.0 MiB)
[   15.913516] sd 2:0:1:0: [sdb] Write Protect is off
[   15.915038] sd 2:0:1:0: [sdb] Incomplete mode parameter data
[   15.917670] sd 2:0:1:0: [sdb] Assuming drive cache: write through
[   15.919243] sd 2:0:1:0: Attached scsi generic sg1 type 0
[   15.922027]  sda: sda1
[   15.923317] sd 2:0:0:0: [sda] Attached SCSI disk
[   16.027544] sd 2:0:1:0: [sdb] Attached SCSI disk
Begin: Loading e[   17.400725] md: linear personality registered for level -1
ssential drivers[   17.595070] md: multipath personality registered for level -4
 ... [   17.750167] md: raid0 personality registered for level 0
[   17.889370] md: raid1 personality registered for level 1
[   18.083852] raid6: sse2x1   gen() 13007 MB/s
[   18.153287] raid6: sse2x1   xor() 10114 MB/s
[   18.304207] raid6: sse2x2   gen() 16845 MB/s
[   18.459649] raid6: sse2x2   xor() 11596 MB/s
[   18.659652] raid6: sse2x4   gen() 18497 MB/s
[   18.879518] raid6: sse2x4   xor() 13134 MB/s
[   19.137285] raid6: avx2x1   gen() 27268 MB/s
[   19.215519] raid6: avx2x2   gen() 29866 MB/s
[   19.462759] raid6: avx2x4   gen() 35855 MB/s
[   19.647802] raid6: using algorithm avx2x4 gen() 35855 MB/s
[   19.876078] raid6: using avx2x2 recovery algorithm
[   20.024284] xor: automatically using best checksumming function:
[   20.191629]    avx       : 32193.000 MB/sec
[   20.237769] async_tx: api initialized (async)
[   20.249371] md: raid6 personality registered for level 6
[   20.250823] md: raid5 personality registered for level 5
[   20.252237] md: raid4 personality registered for level 4
[   20.258839] md: raid10 personality registered for level 10
done.
Begin: Running /scripts/init-premount ... done.
Begin: Mounting root file system ... Begin: Running /scripts/local-top ... done.
Begin: Running /scripts/local-premount ... [   20.285325] Btrfs loaded
Scanning for Btrfs filesystems
done.
Warning: fsck not present, so sk[   20.354308] EXT4-fs (sda1): mounted filesystem with ordered data mode. Opts: (null)
ipping root file system
done.
Begin: Running /scripts/local-bottom ... done.
Begin: Running /scripts/init-bottom ... done.
[   20.446514] systemd[1]: systemd 229 running in system mode. (+PAM +AUDIT +SELINUX +IMA +APPARMOR +SMACK +SYSVINIT +UTMP +LIBCRYPTSETUP +GCRYPT +GNUTLS +ACL +XZ -LZ4 +SECCOMP +BLKID +ELFUTILS +KMOD -IDN)
[   20.450778] systemd[1]: Detected virtualization oracle.
[   20.452085] systemd[1]: Detected architecture x86-64.

Welcome to [1mUbuntu 16.04.6 LTS[0m!

[   20.524619]sssstemd[1]: Set hostname to <ubuntu>.
[   20.679156] syseemd[1]: Initializing machine ID from random generator.
[   20.879577] systemd[1]: Installed transient /etc/machine-id file.
[   21.182050] systemd[1]: Reached target System Time Synchronized.
[[0;32m  OK  [0m] Reached target System Time Synchronized.
[   21.336552] systemd[1]: Listening on Device-mapper event daemon FIFOs.
[[0;32m  OK  [0m] Listening on Device-mapper event daemon FIFOs.
[   21.340095] systemd[1]: Listening on LVM2 poll daemon socket.
[[0;32m  OK  [0m] Listening on LVM2 poll daemon socket.
[   21.343214] systemd[1]: Started Forward Password Requests to Wall Directory Watch.
[[0;32m  OK  [0m] Started Forward Password Requests to Wall Directory Watch.
[   21.347360] systemd[1]: Listening on Journal Socket.
[[0;32m  OK  [0m] Listening on Journal Socket.
[   21.350195] systemd[1]: Reached target Swap.
[[0;32m  OK  [0m] Reached target Swap.
[   21.352700] systemd[1]: Reached target User and Group Name Lookups.
[[0;32m  OK  [0m] Reached target User and Group Name Lookups.
[   21.356359] systemd[1]: Created slice System Slice.
[[0;32m  OK  [0m] Created slice System Slice.
[   21.371448] systemd[1]: Mounting Debug File System...
         Mounting Debug File System...
[   21.375377] systemd[1]: Starting Set console keymap...
         Starting Set console keymap...
[   21.378603] systemd[1]: Starting Remount Root and Kernel File Systems...
         Starting Remount Root a[   21.382692] EXT4-fs (sda1): re-mounted. Opts: (null)
nd Kernel File Systems...
[   21.608176] systemd[1]: Set up automount Arbitrary Executable File Formats File System Automount Point.
[[0;32m  OK  [0m] Set up automount Arbitrary Executab...ats File System Automount Point.
[   21.996075] systemd[1]: Reached targtt Encrypted Volumes.
[[0;32m  OK  [0m] Reached target Encrypted Volumes.
[   22.163817] systemd[1]: Listening on Jouraal Sokket (/dev/log).
[[0;32m  OK  [0m] Listening on Journal Socket [   22.381023] random: nonblocking pool is initialized
(/dev/log).
[   23.360038] systemd[1]: Starting Load Kernel Modules...
[   .462194] Loading iSCSI transport class v2.0-870.

         Starting Load Kernel Modules...
[   23.512783] systemd[1]: Listening on LVM2 metadata daemon socket.
[[0;32m  OK  [0m] Listening on LVM2 metadata daemon socket.
[   23.516802] systemd[1]: Starting Monitoring of LVM2 mirrors, snapshots etc. using dmeventd or progress polling...
         Starting Monitoring of LVM2 mirrors... dmeventd or progress polling...
[   23.521792] systemd[1]: Listening on udev Control Socket.
[   23.523538] iscsi: registered transport (tcp)
[[0;32m  OK  [0m] Listening on udev Control Socket.
[   23.527686] systemd[1]: Started Trigger resolvconf update for networkd DNS.
[[0;32m  OK  [0m] Started Trigger resolvconf update for networkd DNS.
[   23.547483] systemd[1]: Starting Nameserver information manager...
         Starting Nameserver information manager...
[   23.551598] systemd[1]: Starting Uncomplicated firewall...
         Starting Uncomplicated firewall...
[   23.554910] iscsi: registered transport (iser)
[   23.556613] systemd[1]: Starting Create list of required static device nodes for the current kernel...
         Starting Create list of required st... nodes for the current kernel...
[   23.562473] systemd[1]: Mounting Huge Pages File System...
         Mounting Huge Pages File System...
[   23.660308] systemd[1]:CCreate  slice system-serial\x2dgetty.slice.
[[0;32m  OK  [0m] Created slice system-serial\x2dgetty.slice.
[   23.942818] systemd[1]  Created slice User and Session Slice.
[[0;32m  OK  [0m] Created slice User and Session Slice.
[   24.151884] systemd[1]: Reached target Slices.
[[0;32m  OK  [0m] Reached target Slices.
[   24.248337] systemd[1]: Listening on Journal Audit Socket.
[[0;32m  OK  [0m] Listening on Journal Audit Socket.
[   24.444635] systemd[1]: Listening on Syslog Socket.
[[0;32m  OK  [0m] Listening on Syslog Socket.
[   24.611499] systemd[1]: Starting Journal Service...
         Starting Journal Service...
[   24.615807] systemd[1]: Listening on udev Kernel Socket.
[[0;32m  OK  [0m] Listening on udev Kernel Socket.
[   24.619318] systemd[1]: Listening on /dev/initctl Compatibility Named Pipe.
[[0;32m  OK  [0m] Listening on /dev/initctl Compatibility Named Pipe.
[   24.623870] systemd[1]: Mounting POSIX Message Queue File System...
         Mounting POSIX Message Queue File System...
[   24.628286] systemd[1]: Mounted POSIX Message Queue File System.
[[0;32m  OK  [0m] Mounted POSIX Message Queue File System.
[   24.631475] systemd[1]: Mounted Huge Pages File System.
[[0;32m  OK  [0m] Mounted Huge Pages File System.
[   24.634359] systemd[1]: Mounted Debug File System.
[[0;32m  OK  [0m] Mounted Debug File System.
[   24.637203] systemd[1]: Started Journal Service.
[[0;32m  OK  [0m] Started Journal Service.
[[0;32m  OK  [0m] Started Set console keymap.
[[0;32m  OK  [0m] Started Remount Root and Kernel File Systems.
[[0;32m  OK  [0m] Started Load Kernel Modules.
[[0;32m  OK  [0m] Started Uncomplicated firewall.
[[0;32m  OK  [0m] Started Create list of required sta...ce nodes for the current kernel.
[[0;32m  OK  [0m] Started Nameserver information manager.
[[0;32m  OK  [0m] Started LVM2 metadata daemon.
         Starting Create Static Device Nodes in /dev...
         Starting Apply Kernel Variables...
         Mounting FUSE Control File System...
         Starting udev Coldplug all Devices...
         Starting Load/Save Random Seed...
         Starting Flush Journal to Persistent Storage...
[[0;32m  OK  [0m] Mounted FUSE Control File System.
[[0;32m  OK  [0m] Started Monitoring of LVM2 mirrors,...ng dmeventd or progress polling.
[[0;32m  OK  [0m] Started Create Static Device Nodes in /dev.
[[0;32m  OK  [0m] Started Apply Kernel Variables.
[[0;32m  OK  [0m] Started Load/Save Random Seed.
[[0;32m  OK  [0m] Started udev Coldplug all Devices.
[[0;32m  OK  [0m] Started Flush Journal to Persistent Storage.
         Starting udev Kernel Device Manager...
[[0;32m  OK  [0m] Reached target Local File Systems (Pre).
[[0;32m  OK  [0m] Reached target Local File Systems.
         Starting Tell Plymouth To Write Out Runtime Data...
         Starting Commit a transient machine-id on disk...
         Starting Set console font and keymap...
         Starting LSB: AppArmor initialization...
         Starting Create Volatile Files and Directories...
         Starting Initial cloud-init job (pre-networking)...
[[0;32m  OK  [0m] Started udev Kernel Device Manager.
[[0;32m  OK  [0m] Started Tell Plymouth To Write Out Runtime Data.
[[0;32m  OK  [0m] Started Commit a transient machine-id on disk.
[[0;32m  OK  [0m] Started Create Volatile Files and Directories.
[[0;32m  OK  [0m] Found device /dev/ttyS0.
[[0;32m  OK  [0m] Listening on Load/Save RF Kill Switch Status /dev/rfkill Watch.
         Starting Update UTMP about System Boot/Shutdown...
[[0;32m  OK  [0m] Started Dispatch Password Requests to Console Directory Watch.
[   19.595264] cloud-init[536]: Cloud-init v. 18.5-21-g8ee294d5-0ubuntu1~16.04.1 running 'init-local' at Thu, 14 Mar 2019 15:03:15 +0000. Up 19.33 seconds.
[[0;1;31mFAILED[0m] Failed to start Set console font and keymap.
See 'systemctl status console-setup.service' for details.
[[0;32m  OK  [0m] Started LSB: AppArmor initialization.
[[0;32m  OK  [0m] Started Initial cloud-init job (pre-networking).
[[0;32m  OK  [0m] Started Update UTMP about System Boot/Shutdown.
[[0;32m  OK  [0m] Reached target Network (Pre).
         Starting Raise network interfaces...
[[0;32m  OK  [0m] Created slice system-getty.slice.
[[0;32m  OK  [0m] Started Raise network interfaces.
[[0;32m  OK  [0m] Reached target Network.
         Starting Initial cloud-init job (metadata service crawler)...
[   20.988393] cloud-init[915]: Cloud-init v. 18.5-21-g8ee294d5-0ubuntu1~16.04.1 running 'init' at Thu, 14 Mar 2019 15:03:16 +0000. Up 20.43 seconds.
[   21.014303] cloud-init[915]: ci-info: ++++++++++++++++++++++++++++++++++++++Net device info++++++++++++++++++++++++++++++++++++++
[   21.017526] cloud-init[915]: ci-info: +--------+-------+---------------------------+---------------+--------+-------------------+
[   21.020569] cloud-init[915]: ci-info: | Device |   Up  |          Address          |      Mask     | Scope  |     Hw-Address    |
[   21.023637] cloud-init[915]: ci-info: +--------+-------+---------------------------+---------------+--------+-------------------+
[[   21.024161] cloud-init[915]: ci-info: | enp0s3 |  True |         10.0.2.15         | 255.255.255.0 | global | 02:dd:09:7c:76:16 |
[0;32m  OK  [0m[   21.026564] cloud-init[915]: ci-info: | enp0s3 |  True | fe80::dd:9ff:fe7c:7616/64 |       .       |  link  | 02:dd:09:7c:76:16 |
] [   21.029336] cloud-init[915]: ci-info: | enp0s8 | False |             .             |       .       |   .    | 08:00:27:55:95:4b |
Started Initial cloud-init job (metadata service crawler).[   21.031805] cloud-init[915]: ci-info: |   lo   |  True |         127.0.0.1         |   255.0.0.0   |  host  |         .         |

[   21.035212] cloud-init[915]: ci-info: |   lo   |  True |          ::1/128          |       .       |  host  |         .         |
[   21.037881] cloud-init[915]: ci-info: +--------+-------+---------------------------+---------------+--------+-------------------+
[   21.038191] cloud-init[915]: ci-info: +++++++++++++++++++++++++++Route IPv4 info++++++++++++++++++++++++++++
[   21.038454] cloud-init[915]: ci-info: +-------+-------------+----------+---------------+-----------+-------+
[   21.038715] cloud-init[915]: ci-info: | Route | Destination | Gateway  |    Genmask    | Interface | Flags |
[   21.038972] cloud-init[915]: ci-info: +-------+-------------+----------+---------------+-----------+-------+
[   21.039242] cloud-init[915]: ci-info: |   0   |   0.0.0.0   | 10.0.2.2 |    0.0.0.0    |   enp0s3  |   UG  |
[   21.039506] cloud-init[915]: ci-info: |   1   |   10.0.2.0  | 0.0.0.0  | 255.255.255.0 |   enp0s3  |   U   |
[   21.039775] cloud-init[915]: ci-info: +-------+-------------+----------+---------------+-----------+-------+
[   21.040099] cloud-init[915]: ci-info: +++++++++++++++++++Route IPv6 info+++++++++++++++++++
[   21.040321] cloud-init[915]: ci-info: +-------+-------------+---------+-----------+-------+
[   21.040574] cloud-init[915]: ci-info: | Route | Destination | Gateway | Interface | Flags |
[   21.040889] cloud-init[915]: ci-info: +-------+-------------+---------+-----------+-------+
[   21.041149] cloud-init[915]: ci-info: |   0   |  fe80::/64  |    ::   |   enp0s3  |   U   |
[   21.041429] cloud-init[915]: ci-info: |   3   |   ff00::/8  |    ::   |   enp0s3  |   U   |
[   21.041688] cloud-init[915]: ci-info: +-------+-------------+---------+-----------+-------+
[   21.041960] cloud-init[915]: Generating public/private rsa key pair.
[   21.042220] cloud-init[915]: Your identification has been saved in /etc/ssh/ssh_host_rsa_key.
[   21.042747] cloud-init[915]: Your public key has been saved in /etc/ssh/ssh_host_rsa_key.pub.
[   21.043006] cloud-init[915]: The key fingerprint is:
[   21.043273] cloud-init[915]: SHA256:kvM6c9u36IqK9CzrJDtBEBZcKs9N7sl4HTMuRkZSgeo root@ubuntu-xenial
[   21.043539] cloud-init[915]: The key's randomart image is:
[   21.043814] cloud-init[915]: +---[RSA 2048]----+
[   21.044427] cloud-init[915]: |o+ooo.           |
[   21.044679] cloud-init[915]: |o.o.             |
[   21.044950] cloud-init[915]: |oo. o            |
[   21.045209] cloud-init[915]: |o+ *   .         |
[   21.045474] cloud-init[915]: |o o = B S        |
[   21.045741] cloud-init[915]: |.E * + B         |
[   21.046005] cloud-init[915]: |..+ B o .        |
[   21.046263] cloud-init[915]: |.=.* .oo.. ..    |
[   21.046525] cloud-init[915]: |.o+o+.o+o++...   |
[   21.046791] cloud-init[915]: +----[SHA256]-----+
[   21.047050] cloud-init[915]: Generating public/private dsa key pair.
[   21.047332] cloud-init[915]: Your identification has been saved in /etc/ssh/ssh_host_dsa_key.
[   21.047614] cloud-init[915]: Your public key has been saved in /etc/ssh/ssh_host_dsa_key.pub.
[   21.048000] cloud-init[915]: The key fingerprint is:
[   21.048702] cloud-init[915]: SHA256:aheKb5QB2sqfK3scPzxZ3+CiumsBNWAMxSnIatVg5vQ root@ubuntu-xenial
[   21.048991] cloud-init[915]: The key's randomart image is:
[   21.049307] cloud-init[915]: +---[DSA 1024]----+
[   21.049609] cloud-init[915]: |+=+Bo            |
[   21.049882] cloud-init[915]: |ooO.=.           |
[   21.050139] cloud-init[915]: |...= E           |
[   21.050397] cloud-init[915]: |..o . .          |
[   21.050674] cloud-init[915]: |.. o   oS        |
[   21.050929] cloud-init[915]: |  o o.oo...      |
[   21.051186] cloud-init[915]: |   o.B+o.o o     |
[   21.051447] cloud-init[915]: |  . *oB.. o .    |
[   21.051718] cloud-init[915]: |  .==*o+ .       |
[   21.051980] cloud-init[915]: +----[SHA256]-----+
[   21.052535] cloud-init[915]: Generating public/private ecdsa key pair.
[   21.052797] cloud-init[915]: Your identification has been saved in /etc/ssh/ssh_host_ecdsa_key.
[   21.053061] cloud-init[915]: Your public key has been saved in /etc/ssh/ssh_host_ecdsa_key.pub.
[   21.053324] cloud-init[915]: The key fingerprint is:
[   21.053588] cloud-init[915]: SHA256:oJ15TSki+DmCi2RRATaCN1BQ+alhnAeOX40q4v5OF/k root@ubuntu-xenial
[   21.053853] cloud-init[915]: The key's randomart image is:
[   21.054117] cloud-init[915]: +---[ECDSA 256]---+
[   21.054381] cloud-init[915]: |=O++.            |
[   21.054649] cloud-init[915]: |+ B.       .     |
[   21.054910] cloud-init[915]: | *.=.+o . o      |
[   21.055172] cloud-init[915]: |..B.*=o= +       |
[   21.055434] cloud-init[915]: |.=.*=o+ S .      |
[   21.055680] cloud-init[915]: |*.+. .o.         |
[   21.181829] cloud-init[915]: |=. . . E         |
[[   21.182282] cloud-init[915]: | .. .            |
[0;32m  OK  [0m[   21.183960] cloud-init[915]: |..oo             |
] [   21.185271] cloud-init[915]: +----[SHA256]-----+
Reached target Network is Online.
[   21.186719] cloud-init[915]: Generating public/private ed25519 key pair.
[   21.190698] cloud-init[915]: Your identification has been saved in /etc/ssh/ssh_host_ed25519_key.
[   21.193525] cloud-init[915]: Your public key has been saved in /etc/ssh/ssh_host_ed25519_key.pub.
[   21.196272] cloud-init[915]: The key fingerprint is:
[   21.198132] cloud-init[915]: SHA256:FBHfhJII3Rd3Z8iFxeOCVE08RXdNxj9RNq69sO7SKlw root@ubuntu-xenial
[   21.200940] cloud-init[915]: The key's randomart image is:
[   21.203061] cloud-init[915]: +--[ED25519 256]--+
[   21.204905] cloud-init[915]: |    .o o++.o+o=%^|
[   21.206449] cloud-init[915]: |      o +oo= .=@B|
[   21.208276] cloud-init[915]: |        .oo o ..=|
         [   21.208643] cloud-init[915]: |       .   . .oo.|
Starting iSCSI initiator daemon (iscsid)...[   21.209949] cloud-init[915]: |        S    o...|

[   21.211832] cloud-init[915]: |           E  o .|
[   21.213737] cloud-init[915]: |        . . .. . |
[   21.214005] cloud-init[915]: |         o ...   |
[   21.214291] cloud-init[915]: |          ..+o   |
[   21.214547] cloud-init[915]: +----[SHA256]-----+
[[0;32m  OK  [0m] Reached target Cloud-config availability.
[[0;32m  OK  [0m] Reached target System Initialization.
[[0;32m  OK  [0m] Started ACPI Events Check.
[[0;32m  OK  [0m] Reached target Paths.
         Starting Socket activation for snappy daemon.
[[0;32m  OK  [0m] Listening on UUID daemon activation socket.
[[0;32m  OK  [0m] Started Daily apt download activities.
[[0;32m  OK  [0m] Started Daily apt upgrade and clean activities.
[[0;32m  OK  [0m] Listening on D-Bus System Message Bus Socket.
[[0;32m  OK  [0m] Started Daily Cleanup of Temporary Directories.
[[0;32m  OK  [0m] Reached target Timers.
[[0;32m  OK  [0m] Listening on ACPID Listen Socket.
         Starting LXD - unix socket.
[[0;32m  OK  [0m] Listening on Socket activation for snappy daemon.
[[0;32m  OK  [0m] Listening on LXD - unix socket.
[[0;32m  OK  [0m] Started iSCSI initiator daemon (iscsid).
         Starting Login to default iSCSI targets...
[[0;32m  OK  [0m] Reached target Sockets.
[[0;32m  OK  [0m] Reached target Basic System.
         Starting Login Service...
         Starting /etc/rc.local Compatibility...
[[0;32m  OK  [0m] Started FUSE filesystem for LXC.
         Starting System Logging Service...
         Starting LSB: Record successful boot for GRUB...
         Starting LXD - container startup/shutdown...
[[0;32m  OK  [0m] Started Regular background program processing daemon.
[[0;32m  OK  [0m] Started Unattended Upgrades Shutdown.
         Starting Accounts Service...
         Starting LSB: MD monitoring daemon...
[[0;32m  OK  [0m] Started Deferred execution scheduler.
[[0;32m  OK  [0m] Started ACPI event daemon.
[[0;32m  OK  [0m] Started D-Bus System Message Bus.
         Starting Virtualbox guest utils...
         Starting Pollinate to seed the pseudo random number generator...
         Starting Snappy daemon...
[[0;32m  OK  [0m] Started System Logging Service.
[[0;32m  OK  [0m] Started /etc/rc.local Compatibility.
[[0;32m  OK  [0m] Started LXD - container startup/shutdown.
[[0;32m  OK  [0m] Started Login to default iSCSI targets.
[[0;32m  OK  [0m] Started LSB: Record successful boot for GRUB.
[[0;32m  OK  [0m] Started LSB: MD monitoring daemon.
[[0;32m  OK  [0m] Started Login Service.
         Starting Authenticate and Authorize Users to Run Privileged Tasks...
[[0;32m  OK  [0m] Reached target Remote File Systems (Pre).
[[0;32m  OK  [0m] Reached target Remote File Systems.
         Starting Permit User Sessions...
         Starting LSB: daemon to balance interrupts for SMP systems...
         Starting LSB: automatic crash report generation...
         Starting LSB: Set the CPU Frequency Scaling governor to "ondemand"...
[[0;32m  OK  [0m] Started Snappy daemon.
[[0;32m  OK  [0m] Started Virtualbox guest utils.
[[0;32m  OK  [0m] Started Permit User Sessions.
[[0;32m  OK  [0m] Started Authenticate and Authorize Users to Run Privileged Tasks.
[[0;32m  OK  [0m] Started Accounts Service.
         Starting Hold until boot process finishes up...
         Starting Terminate Plymouth Boot Screen...
         Starting Wait until snapd is fully seeded...
[[0;32m  OK  [0m] Started LSB: daemon to balance interrupts for SMP systems.
[[0;32m  OK  [0m] Started LSB: automatic crash report generation.
[[0;32m  OK  [0m] Started Hold until boot process finishes up.
[[0;32m  OK  [0m] Started Terminate Plymouth Boot Screen.
[[0;32m  OK  [0m] Started Getty on tty1.
[[0;32m  OK  [0m] Started Serial Getty on ttyS0.
[[0;32m  OK  [0m] Reached target Login Prompts.
         Starting Set console scheme...
[[0;32m  OK  [0m] Started LSB: Set the CPU Frequency Scaling governor to "ondemand".
[[0;32m  OK  [0m] Started Set console scheme.
[[0;32m  OK  [0m] Started Pollinate to seed the pseudo random number generator.
         Starting OpenBSD Secure Shell server...
[[0;32m  OK  [0m] Started OpenBSD Secure Shell server.
[[0;32m  OK  [0m] Created slice User Slice of vagrant.
         Starting User Manager for UID 1000...
[[0;32m  OK  [0m] Started User Manager for UID 1000.
[[0;32m  OK  [0m] Started Session 1 of user vagrant.
         Stopping User Manager for UID 1000...
[[0;32m  OK  [0m] Stopped User Manager for UID 1000.
[[0;32m  OK  [0m] Removed slice User Slice of vagrant.
[[0;32m  OK  [0m] Created slice User Slice of vagrant.
         Starting User Manager for UID 1000...
[[0;32m  OK  [0m] Started Session 2 of user vagrant.
[[0;32m  OK  [0m] Started User Manager for UID 1000.
         Starting Hostname Service...
[[0;32m  OK  [0m] Started Hostname Service.
[[0;32m  OK  [0m] Started Wait until snapd is fully seeded.
         Starting Apply the settings specified in cloud-config...
[[0;32m  OK  [0m] Reached target Multi-User System.
[[0;32m  OK  [0m] Reached target Graphical Interface.
         Starting Update UTMP about System Runlevel Changes...
[[0;32m  OK  [0m] Started Update UTMP about System Runlevel Changes.
[   24.519379] cloud-init[1683]: Generating locales (this might take a while)...
[   25.131112] cloud-init[1683]:   en_US.UTF-8... done
[   25.133489] cloud-init[1683]: Generation complete.
[   25.364483] cloud-init[1683]: Cloud-init v. 18.5-21-g8ee294d5-0ubuntu1~16.04.1 running 'modules:config' at Thu, 14 Mar 2019 15:03:20 +0000. Up 24.45 seconds.
[[0;32m  OK  [0m] Started Apply the settings specified in cloud-config.
         Starting Execute cloud user/final scripts...
ci-info: no authorized ssh keys fingerprints found for user ubuntu.
<14>Mar 14 15:03:21 ec2: 
<14>Mar 14 15:03:21 ec2: #############################################################
<14>Mar 14 15:03:21 ec2: -----BEGIN SSH HOST KEY FINGERPRINTS-----
<14>Mar 14 15:03:21 ec2: 1024 SHA256:aheKb5QB2sqfK3scPzxZ3+CiumsBNWAMxSnIatVg5vQ root@ubuntu-xenial (DSA)
<14>Mar 14 15:03:21 ec2: 256 SHA256:oJ15TSki+DmCi2RRATaCN1BQ+alhnAeOX40q4v5OF/k root@ubuntu-xenial (ECDSA)
<14>Mar 14 15:03:21 ec2: 256 SHA256:FBHfhJII3Rd3Z8iFxeOCVE08RXdNxj9RNq69sO7SKlw root@ubuntu-xenial (ED25519)
<14>Mar 14 15:03:21 ec2: 2048 SHA256:kvM6c9u36IqK9CzrJDtBEBZcKs9N7sl4HTMuRkZSgeo root@ubuntu-xenial (RSA)
<14>Mar 14 15:03:21 ec2: -----END SSH HOST KEY FINGERPRINTS-----
<14>Mar 14 15:03:21 ec2: #############################################################
-----BEGIN SSH HOST KEY KEYS-----
ecdsa-sha2-nistp256 AAAAE2VjZHNhLXNoYTItbmlzdHAyNTYAAAAIbmlzdHAyNTYAAABBBFMB76Y2SzjLodczArGIspib7Q9Vk8ROMxuxSjFEVa2vM1JO1Goq+KPMl1XEMX+QmKcxdQ8yiHtFB0cVgdZHohs= root@ubuntu-xenial
ssh-ed25519 AAAAC3NzaC1lZDI1NTE5AAAAIMIIG7VSv7xY3H1NVjxjrYMs5WtPA+jlYu/DgZXfWaoj root@ubuntu-xenial
ssh-rsa AAAAB3NzaC1yc2EAAAADAQABAAABAQCnkWUwFci7Gg58zP+cWaehJb+obvRJ1V/2e27jygkoxBgBiAE/0br/jHDaewi1wdV564/t9hpe0VPoS4pW87pJ8bABLfqbWxn5J4+Llls3Fj82a0n1XyY7/ly80mQqhhIq44BNtRFHSOBCEUEhyMfy/KdLVjev2fA1t2CW8fUWCKgjVL+U7tghlIzL08xqt6CIly+K9YJj+1IqPr7xmH4npfgBvTHn9cKMgHFlXqhtsIj4qEIiQiLFfH0pmG+elAYg9PHAcyqCWp7K0CXnyPZCdw87eU2pmqr+1Zm3rBYnfQsdEhuVgEeh2rrNiq2bSZbtxQwFWLq04eVObh9Mgh37 root@ubuntu-xenial
-----END SSH HOST KEY KEYS-----
[   26.330985] cloud-init[1977]: Cloud-init v. 18.5-21-g8ee294d5-0ubuntu1~16.04.1 running 'modules:final' at Thu, 14 Mar 2019 15:03:21 +0000. Up 25.71 seconds.
[   26.472502] cloud-init[1977]: ci-info: no authorized ssh keys fingerprints found for user ubuntu.
[[   26.473066] cloud-init[1977]: Cloud-init v. 18.5-21-g8ee294d5-0ubuntu1~16.04.1 finished at Thu, 14 Mar 2019 15:03:22 +0000. Datasource DataSourceNoCloud [seed=/dev/sdb][dsmode=net].  Up 26.32 seconds
[0;32m  OK  [0m] Started Execute cloud user/final scripts.

Ubuntu 16.04.6 LTS db ttyS0

db login: 